[debug] [2024-03-14T13:35:18.795Z] ----------------------------------------------------------------------
[debug] [2024-03-14T13:35:18.798Z] Command:       C:\Program Files\nodejs\node.exe C:\Users\Ravin\AppData\Roaming\npm\node_modules\firebase-tools\lib\bin\firebase.js init
[debug] [2024-03-14T13:35:18.798Z] CLI Version:   13.5.0
[debug] [2024-03-14T13:35:18.798Z] Platform:      win32
[debug] [2024-03-14T13:35:18.798Z] Node Version:  v20.10.0
[debug] [2024-03-14T13:35:18.798Z] Time:          Thu Mar 14 2024 19:05:18 GMT+0530 (India Standard Time)
[debug] [2024-03-14T13:35:18.798Z] ----------------------------------------------------------------------
[debug] 
[debug] [2024-03-14T13:35:18.803Z] > command requires scopes: ["email","openid","https://www.googleapis.com/auth/cloudplatformprojects.readonly","https://www.googleapis.com/auth/firebase","https://www.googleapis.com/auth/cloud-platform"]
[debug] [2024-03-14T13:35:18.803Z] > authorizing via signed-in user (w.m.t.ravindusampath@gmail.com)
[info] 
     ######## #### ########  ######## ########     ###     ######  ########
     ##        ##  ##     ## ##       ##     ##  ##   ##  ##       ##
     ######    ##  ########  ######   ########  #########  ######  ######
     ##        ##  ##    ##  ##       ##     ## ##     ##       ## ##
     ##       #### ##     ## ######## ########  ##     ##  ######  ########

You're about to initialize a Firebase project in this directory:

  E:\myEducation\web projects\ap-s

[info] 
=== Project Setup
[info] 
[info] First, let's associate this project directory with a Firebase project.
[info] You can create multiple project aliases by running firebase use --add, 
[info] but for now we'll just set up a default project.
[info] 
[debug] [2024-03-14T13:36:07.672Z] >>> [apiv2][query] GET https://firebase.googleapis.com/v1beta1/projects pageSize=100
[debug] [2024-03-14T13:36:09.089Z] <<< [apiv2][status] GET https://firebase.googleapis.com/v1beta1/projects 200
[debug] [2024-03-14T13:36:09.090Z] <<< [apiv2][body] GET https://firebase.googleapis.com/v1beta1/projects [omitted]
[info] i  Using project register-for-tournament-pera (Register-for-tournament-pera) 
[info] 
=== Hosting Setup
[debug] [2024-03-14T13:36:15.648Z] >>> [apiv2][query] GET https://firebase.googleapis.com/v1beta1/projects/register-for-tournament-pera [none]
[debug] [2024-03-14T13:36:16.380Z] <<< [apiv2][status] GET https://firebase.googleapis.com/v1beta1/projects/register-for-tournament-pera 200
[debug] [2024-03-14T13:36:16.380Z] <<< [apiv2][body] GET https://firebase.googleapis.com/v1beta1/projects/register-for-tournament-pera {"projectId":"register-for-tournament-pera","projectNumber":"381774977315","displayName":"Register-for-tournament-pera","name":"projects/register-for-tournament-pera","resources":{"hostingSite":"register-for-tournament-pera"},"state":"ACTIVE","etag":"1_fc1f0cd0-5c18-4c26-bfdd-40d1bcee87dc"}
[info] 
[info] Your public directory is the folder (relative to your project directory) that
[info] will contain Hosting assets to be uploaded with firebase deploy. If you
[info] have a build process for your assets, use your build's output directory.
[info] 
[debug] [2024-03-14T13:39:35.661Z] >>> [apiv2][query] GET https://www.gstatic.com/firebasejs/releases.json [none]
[debug] [2024-03-14T13:39:36.108Z] <<< [apiv2][status] GET https://www.gstatic.com/firebasejs/releases.json 200
[debug] [2024-03-14T13:39:36.108Z] <<< [apiv2][body] GET https://www.gstatic.com/firebasejs/releases.json {"current":{"version":"10.8.1","browserURL":"https://www.gstatic.com/firebasejs/10.8.1/firebase.js","packageURL":"https://www.gstatic.com/firebasejs/10.8.1/firebase.tgz"},"live":{"version":"10.8","browserURL":"https://www.gstatic.com/firebasejs/live/10.8/firebase.js","packageURL":"https://www.gstatic.com/firebasejs/live/10.8/firebase.tgz"},"components":{"analytics":"https://www.gstatic.com/firebasejs/10.8.1/firebase-analytics.js","app":"https://www.gstatic.com/firebasejs/10.8.1/firebase-app.js","app-check":"https://www.gstatic.com/firebasejs/10.8.1/firebase-app-check.js","auth":"https://www.gstatic.com/firebasejs/10.8.1/firebase-auth.js","auth/cordova":"https://www.gstatic.com/firebasejs/10.8.1/firebase-auth/cordova.js","auth/web-extension":"https://www.gstatic.com/firebasejs/10.8.1/firebase-auth/web-extension.js","functions":"https://www.gstatic.com/firebasejs/10.8.1/firebase-functions.js","firestore":"https://www.gstatic.com/firebasejs/10.8.1/firebase-firestore.js","firestore/lite":"https://www.gstatic.com/firebasejs/10.8.1/firebase-firestore/lite.js","installations":"https://www.gstatic.com/firebasejs/10.8.1/firebase-installations.js","storage":"https://www.gstatic.com/firebasejs/10.8.1/firebase-storage.js","performance":"https://www.gstatic.com/firebasejs/10.8.1/firebase-performance.js","remote-config":"https://www.gstatic.com/firebasejs/10.8.1/firebase-remote-config.js","messaging":"https://www.gstatic.com/firebasejs/10.8.1/firebase-messaging.js","messaging/sw":"https://www.gstatic.com/firebasejs/10.8.1/firebase-messaging/sw.js","database":"https://www.gstatic.com/firebasejs/10.8.1/firebase-database.js","firestore.memory":"https://www.gstatic.com/firebasejs/10.8.1/firebase-firestore.memory.js"}}
[info] i  Skipping write of public/index.html 
[info] 
[info] i  Didn't detect a .git folder. Assuming E:\myEducation\web projects\ap-s is the project root. 
[info] i  Authorizing with GitHub to upload your service account to a GitHub repository's secrets store. 
[info] 
[info] Visit this URL on this device to log in:
[info] https://github.com/login/oauth/authorize?client_id=89cf50f02ac6aaed3484&state=47619595&redirect_uri=http%3A%2F%2Flocalhost%3A9005&scope=read%3Auser%20repo%20public_repo
[info] 
[info] Waiting for authentication...
[debug] [2024-03-14T13:40:37.245Z] >>> [apiv2][query] POST https://github.com/login/oauth/access_token [none]
[debug] [2024-03-14T13:40:37.245Z] >>> [apiv2][body] POST https://github.com/login/oauth/access_token [stream]
[debug] [2024-03-14T13:40:38.156Z] <<< [apiv2][status] POST https://github.com/login/oauth/access_token 200
[debug] [2024-03-14T13:40:38.156Z] <<< [apiv2][body] POST https://github.com/login/oauth/access_token {"access_token":"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","token_type":"bearer","scope":"read:user,repo"}
[debug] [2024-03-14T13:40:38.160Z] >>> [apiv2][query] GET https://api.github.com/user [none]
[debug] [2024-03-14T13:40:38.869Z] <<< [apiv2][status] GET https://api.github.com/user 200
[debug] [2024-03-14T13:40:38.870Z] <<< [apiv2][body] GET https://api.github.com/user {"login":"Ravindu-Sampath-Weerakoon","id":96597819,"node_id":"U_kgDOBcH3Ow","avatar_url":"https://avatars.githubusercontent.com/u/96597819?v=4","gravatar_id":"","url":"https://api.github.com/users/Ravindu-Sampath-Weerakoon","html_url":"https://github.com/Ravindu-Sampath-Weerakoon","followers_url":"https://api.github.com/users/Ravindu-Sampath-Weerakoon/followers","following_url":"https://api.github.com/users/Ravindu-Sampath-Weerakoon/following{/other_user}","gists_url":"https://api.github.com/users/Ravindu-Sampath-Weerakoon/gists{/gist_id}","starred_url":"https://api.github.com/users/Ravindu-Sampath-Weerakoon/starred{/owner}{/repo}","subscriptions_url":"https://api.github.com/users/Ravindu-Sampath-Weerakoon/subscriptions","organizations_url":"https://api.github.com/users/Ravindu-Sampath-Weerakoon/orgs","repos_url":"https://api.github.com/users/Ravindu-Sampath-Weerakoon/repos","events_url":"https://api.github.com/users/Ravindu-Sampath-Weerakoon/events{/privacy}","received_events_url":"https://api.github.com/users/Ravindu-Sampath-Weerakoon/received_events","type":"User","site_admin":false,"name":"RAVINDU WEERAKOON","company":null,"blog":"","location":null,"email":"w.m.t.ravindusampath@gmail.com","hireable":null,"bio":"I'm a CS student @ the University of Peradeniya 🇱🇰.  And also a Freelance Web Developer. Passionate about clean code, responsive design, and solving problems","twitter_username":null,"public_repos":10,"public_gists":0,"followers":0,"following":1,"created_at":"2021-12-23T21:23:03Z","updated_at":"2024-02-17T04:14:31Z","private_gists":0,"total_private_repos":0,"owned_private_repos":0,"disk_usage":57,"collaborators":0,"two_factor_authentication":true,"plan":{"name":"free","space":976562499,"collaborators":0,"private_repos":10000}}
[info] 
[info] +  Success! Logged into GitHub as Ravindu-Sampath-Weerakoon 
[info] 
[debug] [2024-03-14T13:42:25.408Z] >>> [apiv2][query] GET https://api.github.com/repos/Ravindu-Sampath-Weerakoon/register-for-tournament-pera/actions/secrets/public-key type=owner
[debug] [2024-03-14T13:42:26.116Z] <<< [apiv2][status] GET https://api.github.com/repos/Ravindu-Sampath-Weerakoon/register-for-tournament-pera/actions/secrets/public-key 404
[debug] [2024-03-14T13:42:26.117Z] <<< [apiv2][body] GET https://api.github.com/repos/Ravindu-Sampath-Weerakoon/register-for-tournament-pera/actions/secrets/public-key {"message":"Not Found","documentation_url":"https://docs.github.com/rest/actions/secrets#get-a-repository-public-key"}
[info] 
[info] 
[error] !  The provided authorization cannot be used with this repository. If this repository is in an organization, did you remember to grant access? 
[info] 
[info] i  Action required: Visit this URL to ensure access has been granted to the appropriate organization(s) for the Firebase CLI GitHub OAuth App: 
[info] https://github.com/settings/connections/applications/89cf50f02ac6aaed3484
[info] 
